{"level":"error","message":"deliberate","service":"user-service"}
{"level":"error","message":"deliberate"}
{"level":"error","message":"deliberate"}
{"level":"error","message":"deliberate"}
{"level":"error","message":"","err":{},"timestamp":"2021-03-31T22:31:01.782Z"}
{"level":"error","message":"deliberate","err":{},"timestamp":"2021-03-31T22:31:59.633Z"}
{"message":"deliberate","err":{},"level":"error","timestamp":"2021-03-31T22:32:51.902Z"}
{"message":"deliberate","err":{},"level":"error","timestamp":"2021-03-31T22:38:53.467Z"}
{"message":"deliberate","err":{},"level":"error","timestamp":"2021-03-31T22:42:26.245Z"}
{"message":"deliberate","err":{},"level":"error","timestamp":"2021-03-31T22:42:45.982Z"}
{"message":"deliberate","err":{},"level":"error","timestamp":"2021-03-31T22:43:09.910Z"}
{"message":"deliberate","meta":{},"level":"error","timestamp":"2021-03-31T22:45:23.707Z"}
{"message":"deliberate","meta":"Error: deliberate\n    at E:\\node project\\CompleteP\\routes\\departments.js:34:11\n    at E:\\node project\\CompleteP\\middleware\\asyncHandler.js:5:20\n    at Layer.handle [as handle_request] (E:\\node project\\CompleteP\\node_modules\\express\\lib\\router\\layer.js:95:5)\n    at next (E:\\node project\\CompleteP\\node_modules\\express\\lib\\router\\route.js:137:13)\n    at Route.dispatch (E:\\node project\\CompleteP\\node_modules\\express\\lib\\router\\route.js:112:3)\n    at Layer.handle [as handle_request] (E:\\node project\\CompleteP\\node_modules\\express\\lib\\router\\layer.js:95:5)\n    at E:\\node project\\CompleteP\\node_modules\\express\\lib\\router\\index.js:281:22\n    at Function.process_params (E:\\node project\\CompleteP\\node_modules\\express\\lib\\router\\index.js:335:12)\n    at next (E:\\node project\\CompleteP\\node_modules\\express\\lib\\router\\index.js:275:10)\n    at Function.handle (E:\\node project\\CompleteP\\node_modules\\express\\lib\\router\\index.js:174:3)\n    at router (E:\\node project\\CompleteP\\node_modules\\express\\lib\\router\\index.js:47:12)\n    at Layer.handle [as handle_request] (E:\\node project\\CompleteP\\node_modules\\express\\lib\\router\\layer.js:95:5)\n    at trim_prefix (E:\\node project\\CompleteP\\node_modules\\express\\lib\\router\\index.js:317:13)\n    at E:\\node project\\CompleteP\\node_modules\\express\\lib\\router\\index.js:284:7\n    at Function.process_params (E:\\node project\\CompleteP\\node_modules\\express\\lib\\router\\index.js:335:12)\n    at next (E:\\node project\\CompleteP\\node_modules\\express\\lib\\router\\index.js:275:10)","level":"error","timestamp":"2021-03-31T22:46:19.727Z"}
{"message":"deliberate","ex":{},"level":"error","timestamp":"2021-03-31T23:28:46.873Z"}
{"message":"deliberate","meta":"Error: deliberate\n    at Object.<anonymous> (E:\\node project\\CompleteP\\index.js:42:8)\n    at Module._compile (internal/modules/cjs/loader.js:1156:30)\n    at Object.Module._extensions..js (internal/modules/cjs/loader.js:1176:10)\n    at Module.load (internal/modules/cjs/loader.js:1000:32)\n    at Function.Module._load (internal/modules/cjs/loader.js:899:14)\n    at Function.executeUserEntryPoint [as runMain] (internal/modules/run_main.js:74:12)\n    at internal/main/run_main_module.js:18:47","level":"error","timestamp":"2021-03-31T23:29:35.546Z"}
{"message":"deliberate","meta":"Error: deliberate\n    at Object.<anonymous> (E:\\node project\\CompleteP\\index.js:42:8)\n    at Module._compile (internal/modules/cjs/loader.js:1156:30)\n    at Object.Module._extensions..js (internal/modules/cjs/loader.js:1176:10)\n    at Module.load (internal/modules/cjs/loader.js:1000:32)\n    at Function.Module._load (internal/modules/cjs/loader.js:899:14)\n    at Function.executeUserEntryPoint [as runMain] (internal/modules/run_main.js:74:12)\n    at internal/main/run_main_module.js:18:47","level":"error","timestamp":"2021-03-31T23:30:10.661Z"}
{"message":"Promise.reject is not a constructor","meta":"TypeError: Promise.reject is not a constructor\n    at Object.<anonymous> (E:\\node project\\CompleteP\\index.js:42:25)\n    at Module._compile (internal/modules/cjs/loader.js:1156:30)\n    at Object.Module._extensions..js (internal/modules/cjs/loader.js:1176:10)\n    at Module.load (internal/modules/cjs/loader.js:1000:32)\n    at Function.Module._load (internal/modules/cjs/loader.js:899:14)\n    at Function.executeUserEntryPoint [as runMain] (internal/modules/run_main.js:74:12)\n    at internal/main/run_main_module.js:18:47","level":"error","timestamp":"2021-03-31T23:35:57.831Z"}
{"message":"Promise.reject is not a constructor","meta":"TypeError: Promise.reject is not a constructor\n    at Object.<anonymous> (E:\\node project\\CompleteP\\index.js:42:25)\n    at Module._compile (internal/modules/cjs/loader.js:1156:30)\n    at Object.Module._extensions..js (internal/modules/cjs/loader.js:1176:10)\n    at Module.load (internal/modules/cjs/loader.js:1000:32)\n    at Function.Module._load (internal/modules/cjs/loader.js:899:14)\n    at Function.executeUserEntryPoint [as runMain] (internal/modules/run_main.js:74:12)\n    at internal/main/run_main_module.js:18:47","level":"error","timestamp":"2021-03-31T23:36:17.881Z"}
{"message":"Promise.reject is not a constructor","meta":"TypeError: Promise.reject is not a constructor\n    at Object.<anonymous> (E:\\node project\\CompleteP\\index.js:42:25)\n    at Module._compile (internal/modules/cjs/loader.js:1156:30)\n    at Object.Module._extensions..js (internal/modules/cjs/loader.js:1176:10)\n    at Module.load (internal/modules/cjs/loader.js:1000:32)\n    at Function.Module._load (internal/modules/cjs/loader.js:899:14)\n    at Function.executeUserEntryPoint [as runMain] (internal/modules/run_main.js:74:12)\n    at internal/main/run_main_module.js:18:47","level":"error","timestamp":"2021-03-31T23:36:50.061Z"}
{"message":"Promise.reject is not a constructor","meta":"TypeError: Promise.reject is not a constructor\n    at Object.<anonymous> (E:\\node project\\CompleteP\\index.js:42:25)\n    at Module._compile (internal/modules/cjs/loader.js:1156:30)\n    at Object.Module._extensions..js (internal/modules/cjs/loader.js:1176:10)\n    at Module.load (internal/modules/cjs/loader.js:1000:32)\n    at Function.Module._load (internal/modules/cjs/loader.js:899:14)\n    at Function.executeUserEntryPoint [as runMain] (internal/modules/run_main.js:74:12)\n    at internal/main/run_main_module.js:18:47","level":"error","timestamp":"2021-03-31T23:37:02.615Z"}
{"message":"Promise rejected","meta":"Error: Promise rejected\n    at Object.<anonymous> (E:\\node project\\CompleteP\\index.js:53:6)\n    at Module._compile (internal/modules/cjs/loader.js:1156:30)\n    at Object.Module._extensions..js (internal/modules/cjs/loader.js:1176:10)\n    at Module.load (internal/modules/cjs/loader.js:1000:32)\n    at Function.Module._load (internal/modules/cjs/loader.js:899:14)\n    at Function.executeUserEntryPoint [as runMain] (internal/modules/run_main.js:74:12)\n    at internal/main/run_main_module.js:18:47","level":"error","timestamp":"2021-04-01T00:20:20.677Z"}
{"level":"info","message":"database connection successful","timestamp":"2021-04-01T05:15:45.841Z"}
{"level":"info","message":"Connected to MongoDB","timestamp":"2021-04-01T05:15:59.930Z"}
{"level":"info","message":"Connected to MongoDB","timestamp":"2021-04-01T05:16:12.715Z"}
{"level":"info","message":"Connected to MongoDB","timestamp":"2021-04-01T05:18:53.931Z"}
{"level":"info","message":"Connected to MongoDB","timestamp":"2021-04-01T05:19:20.295Z"}
{"level":"info","message":"Connected to MongoDB","timestamp":"2021-04-01T05:20:00.131Z"}
{"level":"info","message":"Connected to MongoDB","timestamp":"2021-04-01T05:20:29.456Z"}
{"level":"info","message":"Connected to MongoDB","timestamp":"2021-04-01T05:20:59.696Z"}
{"level":"info","message":"Connected to MongoDB","timestamp":"2021-04-01T05:21:21.358Z"}
{"level":"info","message":"Connected to MongoDB","timestamp":"2021-04-01T05:23:00.550Z"}
{"level":"info","message":"Connected to MongoDB","timestamp":"2021-04-01T05:23:55.949Z"}
{"level":"info","message":"Connected to MongoDB","timestamp":"2021-04-01T05:24:17.043Z"}
{"level":"info","message":"Connected to MongoDB","timestamp":"2021-04-01T05:24:42.283Z"}
{"level":"info","message":"Connected to MongoDB","timestamp":"2021-04-01T05:24:51.546Z"}
{"level":"info","message":"Connected to MongoDB","timestamp":"2021-04-01T05:26:17.982Z"}
{"level":"info","message":"Connected to MongoDB","timestamp":"2021-04-01T05:26:58.629Z"}
{"level":"info","message":"Connected to MongoDB","timestamp":"2021-04-01T05:28:43.405Z"}
{"level":"info","message":"Listening on port: 3000","timestamp":"2021-04-01T05:29:21.473Z"}
{"level":"info","message":"Connected to MongoDB","timestamp":"2021-04-01T05:29:21.573Z"}
{"level":"info","message":"Listening on port: 3000","timestamp":"2021-04-01T05:29:30.161Z"}
{"level":"info","message":"Connected to MongoDB","timestamp":"2021-04-01T05:29:30.255Z"}
{"level":"info","message":"Listening on port: 3000","timestamp":"2021-04-02T23:47:30.461Z"}
{"level":"info","message":"Connected to MongoDB","timestamp":"2021-04-02T23:47:31.276Z"}
{"level":"info","message":"Listening on port: 3000","timestamp":"2021-04-02T23:58:06.964Z"}
{"level":"info","message":"Connected to MongoDB","timestamp":"2021-04-02T23:58:07.085Z"}
{"level":"info","message":"Listening on port: 3000","timestamp":"2021-04-02T23:59:20.718Z"}
{"level":"info","message":"Connected to MongoDB","timestamp":"2021-04-02T23:59:20.818Z"}
{"level":"info","message":"Listening on port: 3000","timestamp":"2021-04-02T23:59:29.740Z"}
{"level":"info","message":"Connected to MongoDB","timestamp":"2021-04-02T23:59:29.934Z"}
{"level":"info","message":"Listening on port: 3000","timestamp":"2021-04-03T00:04:10.361Z"}
{"level":"info","message":"Connected to MongoDB","timestamp":"2021-04-03T00:04:10.494Z"}
{"level":"info","message":"Listening on port: 3000","timestamp":"2021-04-03T00:04:38.312Z"}
{"level":"info","message":"Connected to MongoDB","timestamp":"2021-04-03T00:04:38.414Z"}
{"level":"info","message":"Listening on port: 3000","timestamp":"2021-04-03T00:05:01.188Z"}
{"level":"info","message":"Connected to MongoDB","timestamp":"2021-04-03T00:05:01.291Z"}
{"level":"info","message":"Listening on port: 3000","timestamp":"2021-04-08T17:21:25.565Z"}
{"level":"info","message":"Listening on port: 3000","timestamp":"2021-04-08T18:00:12.384Z"}
{"level":"info","message":"Connected to mongodb://localhost/learnerAid","timestamp":"2021-04-08T18:00:12.470Z"}
{"level":"info","message":"Listening on port: 3000","timestamp":"2021-04-08T18:01:04.383Z"}
{"level":"info","message":"Connected to mongodb://localhost/learnerAid_tests","timestamp":"2021-04-08T18:01:04.488Z"}
{"level":"info","message":"Listening on port: 3000","timestamp":"2021-04-08T18:11:06.850Z"}
{"level":"info","message":"Connected to mongodb://localhost/learnerAid_tests","timestamp":"2021-04-08T18:11:06.924Z"}
{"level":"info","message":"Listening on port: 3000","timestamp":"2021-04-09T10:02:33.367Z"}
{"level":"info","message":"Connected to mongodb://localhost/learnerAid_tests","timestamp":"2021-04-09T10:02:33.494Z"}
{"level":"info","message":"Listening on port: 3000","timestamp":"2021-04-09T10:02:38.386Z"}
{"level":"info","message":"Connected to mongodb://localhost/learnerAid_tests","timestamp":"2021-04-09T10:02:38.503Z"}
{"level":"info","message":"Listening on port: 3000","timestamp":"2021-04-09T10:03:26.178Z"}
{"level":"info","message":"Connected to mongodb://localhost/learnerAid_tests","timestamp":"2021-04-09T10:03:26.272Z"}
{"level":"info","message":"Listening on port: 3000","timestamp":"2021-04-09T10:03:37.374Z"}
{"level":"info","message":"Connected to mongodb://localhost/learnerAid_tests","timestamp":"2021-04-09T10:03:37.460Z"}
{"level":"info","message":"Listening on port: 3000","timestamp":"2021-04-09T10:05:56.001Z"}
{"level":"info","message":"Connected to mongodb://localhost/learnerAid_tests","timestamp":"2021-04-09T10:05:56.125Z"}
{"level":"info","message":"Listening on port: 3000","timestamp":"2021-04-09T10:06:22.095Z"}
{"level":"info","message":"Connected to mongodb://localhost/learnerAid_tests","timestamp":"2021-04-09T10:06:22.216Z"}
{"level":"info","message":"Listening on port: 3000","timestamp":"2021-04-09T10:12:52.816Z"}
{"level":"info","message":"Connected to mongodb://localhost/learnerAid_tests","timestamp":"2021-04-09T10:12:52.935Z"}
{"level":"info","message":"Listening on port: 3000","timestamp":"2021-04-09T10:13:11.765Z"}
{"level":"info","message":"Connected to mongodb://localhost/learnerAid_tests","timestamp":"2021-04-09T10:13:11.904Z"}
{"level":"info","message":"Listening on port: 3000","timestamp":"2021-04-09T10:13:46.729Z"}
{"level":"info","message":"Connected to mongodb://localhost/learnerAid_tests","timestamp":"2021-04-09T10:13:46.865Z"}
{"level":"info","message":"Listening on port: 3000","timestamp":"2021-04-09T10:18:53.084Z"}
{"level":"info","message":"Connected to mongodb://localhost/learnerAid_tests","timestamp":"2021-04-09T10:18:53.211Z"}
{"level":"info","message":"Listening on port: 3000","timestamp":"2021-04-09T10:19:17.192Z"}
{"level":"info","message":"Connected to mongodb://localhost/learnerAid_tests","timestamp":"2021-04-09T10:19:17.323Z"}
{"level":"info","message":"Listening on port: 3000","timestamp":"2021-04-09T10:26:12.623Z"}
{"level":"info","message":"Connected to mongodb://localhost/learnerAid_tests","timestamp":"2021-04-09T10:26:12.747Z"}
{"level":"info","message":"Listening on port: 3000","timestamp":"2021-04-09T10:26:15.553Z"}
{"level":"info","message":"Connected to mongodb://localhost/learnerAid_tests","timestamp":"2021-04-09T10:26:15.670Z"}
{"level":"info","message":"Listening on port: 3000","timestamp":"2021-04-09T10:32:16.272Z"}
{"level":"info","message":"Connected to mongodb://localhost/learnerAid_tests","timestamp":"2021-04-09T10:32:16.392Z"}
{"level":"info","message":"Listening on port: 3000","timestamp":"2021-04-09T10:32:48.659Z"}
{"level":"info","message":"Connected to mongodb://localhost/learnerAid_tests","timestamp":"2021-04-09T10:32:48.719Z"}
{"level":"info","message":"Listening on port: 3000","timestamp":"2021-04-09T10:34:03.453Z"}
{"level":"info","message":"Connected to mongodb://localhost/learnerAid_tests","timestamp":"2021-04-09T10:34:03.649Z"}
{"level":"info","message":"Listening on port: 3000","timestamp":"2021-04-09T11:05:26.740Z"}
{"level":"info","message":"Connected to mongodb://localhost/learnerAid_tests","timestamp":"2021-04-09T11:05:26.848Z"}
{"level":"info","message":"Listening on port: 3000","timestamp":"2021-04-09T11:08:13.347Z"}
{"level":"info","message":"Connected to mongodb://localhost/learnerAid_tests","timestamp":"2021-04-09T11:08:13.444Z"}
{"level":"info","message":"Listening on port: 3000","timestamp":"2021-04-09T11:13:51.780Z"}
{"level":"info","message":"Connected to mongodb://localhost/learnerAid_tests","timestamp":"2021-04-09T11:13:51.859Z"}
{"level":"info","message":"Listening on port: 3000","timestamp":"2021-04-09T11:14:49.718Z"}
{"level":"info","message":"Connected to mongodb://localhost/learnerAid_tests","timestamp":"2021-04-09T11:14:49.817Z"}
{"level":"info","message":"Listening on port: 3000","timestamp":"2021-04-09T11:16:13.341Z"}
{"level":"info","message":"Connected to mongodb://localhost/learnerAid_tests","timestamp":"2021-04-09T11:16:13.446Z"}
{"level":"info","message":"Listening on port: 3000","timestamp":"2021-04-09T11:16:35.371Z"}
{"level":"info","message":"Connected to mongodb://localhost/learnerAid_tests","timestamp":"2021-04-09T11:16:35.460Z"}
{"level":"info","message":"Listening on port: 3000","timestamp":"2021-04-09T11:17:54.571Z"}
{"level":"info","message":"Connected to mongodb://localhost/learnerAid_tests","timestamp":"2021-04-09T11:17:54.631Z"}
{"level":"info","message":"Listening on port: 3000","timestamp":"2021-04-09T11:18:33.362Z"}
{"level":"info","message":"Connected to mongodb://localhost/learnerAid_tests","timestamp":"2021-04-09T11:18:33.461Z"}
{"level":"info","message":"Listening on port: 3000","timestamp":"2021-04-09T11:19:11.436Z"}
{"level":"info","message":"Connected to mongodb://localhost/learnerAid_tests","timestamp":"2021-04-09T11:19:11.541Z"}
{"level":"info","message":"Listening on port: 3000","timestamp":"2021-04-09T11:19:36.879Z"}
{"level":"info","message":"Connected to mongodb://localhost/learnerAid_tests","timestamp":"2021-04-09T11:19:36.988Z"}
{"level":"info","message":"Listening on port: 3000","timestamp":"2021-04-09T11:19:57.457Z"}
{"level":"info","message":"Connected to mongodb://localhost/learnerAid_tests","timestamp":"2021-04-09T11:19:57.588Z"}
{"level":"info","message":"Listening on port: 3000","timestamp":"2021-04-09T11:21:13.863Z"}
{"level":"info","message":"Connected to mongodb://localhost/learnerAid_tests","timestamp":"2021-04-09T11:21:13.960Z"}
{"level":"info","message":"Listening on port: 3000","timestamp":"2021-04-09T11:21:32.938Z"}
{"level":"info","message":"Connected to mongodb://localhost/learnerAid_tests","timestamp":"2021-04-09T11:21:33.054Z"}
{"level":"info","message":"Listening on port: 3000","timestamp":"2021-04-09T11:23:06.394Z"}
{"level":"info","message":"Connected to mongodb://localhost/learnerAid_tests","timestamp":"2021-04-09T11:23:06.492Z"}
{"level":"info","message":"Listening on port: 3000","timestamp":"2021-04-09T11:23:28.042Z"}
{"level":"info","message":"Connected to mongodb://localhost/learnerAid_tests","timestamp":"2021-04-09T11:23:28.149Z"}
{"level":"info","message":"Listening on port: 3000","timestamp":"2021-04-09T11:58:22.242Z"}
{"level":"info","message":"Connected to mongodb://localhost/learnerAid_tests","timestamp":"2021-04-09T11:58:22.388Z"}
{"level":"info","message":"Listening on port: 3000","timestamp":"2021-04-09T12:01:04.813Z"}
{"level":"info","message":"Connected to mongodb://localhost/learnerAid_tests","timestamp":"2021-04-09T12:01:04.925Z"}
{"level":"info","message":"Listening on port: 3000","timestamp":"2021-04-09T12:02:22.899Z"}
{"level":"info","message":"Connected to mongodb://localhost/learnerAid_tests","timestamp":"2021-04-09T12:02:23.018Z"}
{"level":"info","message":"Listening on port: 3000","timestamp":"2021-04-09T12:02:47.232Z"}
{"level":"info","message":"Connected to mongodb://localhost/learnerAid_tests","timestamp":"2021-04-09T12:02:47.286Z"}
{"level":"info","message":"Listening on port: 3000","timestamp":"2021-04-09T14:07:32.289Z"}
{"level":"info","message":"Connected to mongodb://localhost/learnerAid_tests","timestamp":"2021-04-09T14:07:32.377Z"}
{"level":"info","message":"Listening on port: 3000","timestamp":"2021-04-09T14:08:38.394Z"}
{"level":"info","message":"Connected to mongodb://localhost/learnerAid_tests","timestamp":"2021-04-09T14:08:38.487Z"}
{"level":"info","message":"Listening on port: 3000","timestamp":"2021-04-09T14:10:27.984Z"}
{"level":"info","message":"Connected to mongodb://localhost/learnerAid_tests","timestamp":"2021-04-09T14:10:28.091Z"}
{"level":"info","message":"Listening on port: 3000","timestamp":"2021-04-09T14:10:52.792Z"}
{"level":"info","message":"Connected to mongodb://localhost/learnerAid_tests","timestamp":"2021-04-09T14:10:52.926Z"}
{"level":"info","message":"Listening on port: 3000","timestamp":"2021-04-09T14:11:24.386Z"}
{"level":"info","message":"Connected to mongodb://localhost/learnerAid_tests","timestamp":"2021-04-09T14:11:24.496Z"}
{"level":"info","message":"Listening on port: 3000","timestamp":"2021-04-09T14:11:47.430Z"}
{"level":"info","message":"Connected to mongodb://localhost/learnerAid_tests","timestamp":"2021-04-09T14:11:47.540Z"}
{"level":"info","message":"Listening on port: 3000","timestamp":"2021-04-09T14:12:03.233Z"}
{"level":"info","message":"Connected to mongodb://localhost/learnerAid_tests","timestamp":"2021-04-09T14:12:03.354Z"}
{"level":"info","message":"Listening on port: 3000","timestamp":"2021-04-09T14:16:24.056Z"}
{"level":"info","message":"Connected to mongodb://localhost/learnerAid_tests","timestamp":"2021-04-09T14:16:24.145Z"}
{"level":"info","message":"Listening on port: 3000","timestamp":"2021-04-09T14:17:04.068Z"}
{"level":"info","message":"Connected to mongodb://localhost/learnerAid_tests","timestamp":"2021-04-09T14:17:04.165Z"}
{"level":"info","message":"Listening on port: 3000","timestamp":"2021-04-09T14:18:51.836Z"}
{"level":"info","message":"Connected to mongodb://localhost/learnerAid_tests","timestamp":"2021-04-09T14:18:51.932Z"}
{"level":"info","message":"Listening on port: 3000","timestamp":"2021-04-09T14:19:56.728Z"}
{"level":"info","message":"Connected to mongodb://localhost/learnerAid_tests","timestamp":"2021-04-09T14:19:56.817Z"}
{"level":"info","message":"Listening on port: 3000","timestamp":"2021-04-09T14:20:23.245Z"}
{"level":"info","message":"Connected to mongodb://localhost/learnerAid_tests","timestamp":"2021-04-09T14:20:23.353Z"}
{"level":"info","message":"Listening on port: 3000","timestamp":"2021-04-09T14:21:02.575Z"}
{"level":"info","message":"Connected to mongodb://localhost/learnerAid_tests","timestamp":"2021-04-09T14:21:02.667Z"}
{"level":"info","message":"Listening on port: 3000","timestamp":"2021-04-09T14:22:59.811Z"}
{"level":"info","message":"Connected to mongodb://localhost/learnerAid_tests","timestamp":"2021-04-09T14:22:59.929Z"}
{"level":"info","message":"Listening on port: 3000","timestamp":"2021-04-09T14:23:27.496Z"}
{"level":"info","message":"Connected to mongodb://localhost/learnerAid_tests","timestamp":"2021-04-09T14:23:27.580Z"}
{"level":"info","message":"Listening on port: 3000","timestamp":"2021-04-10T23:49:30.324Z"}
{"level":"info","message":"Connected to mongodb://localhost/learnerAid_tests","timestamp":"2021-04-10T23:49:30.424Z"}
{"level":"info","message":"Listening on port: 3000","timestamp":"2021-04-10T23:50:14.725Z"}
{"level":"info","message":"Connected to mongodb://localhost/learnerAid_tests","timestamp":"2021-04-10T23:50:14.825Z"}
{"level":"info","message":"Listening on port: 3000","timestamp":"2021-04-10T23:52:10.261Z"}
{"level":"info","message":"Connected to mongodb://localhost/learnerAid_tests","timestamp":"2021-04-10T23:52:10.379Z"}
{"level":"info","message":"Listening on port: 3000","timestamp":"2021-04-10T23:52:11.075Z"}
{"level":"info","message":"Connected to mongodb://localhost/learnerAid_tests","timestamp":"2021-04-10T23:52:11.216Z"}
{"level":"info","message":"Listening on port: 3000","timestamp":"2021-04-10T23:52:50.032Z"}
{"level":"info","message":"Connected to mongodb://localhost/learnerAid_tests","timestamp":"2021-04-10T23:52:50.157Z"}
{"level":"info","message":"Listening on port: 3000","timestamp":"2021-04-10T23:52:50.550Z"}
{"level":"info","message":"Connected to mongodb://localhost/learnerAid_tests","timestamp":"2021-04-10T23:52:50.666Z"}
{"level":"info","message":"Listening on port: 3000","timestamp":"2021-04-11T21:39:16.311Z"}
{"level":"info","message":"Connected to mongodb://localhost/learnerAid_tests","timestamp":"2021-04-11T21:39:16.418Z"}
{"level":"info","message":"Listening on port: 3000","timestamp":"2021-04-11T21:39:17.020Z"}
{"level":"info","message":"Connected to mongodb://localhost/learnerAid_tests","timestamp":"2021-04-11T21:39:17.131Z"}
{"level":"info","message":"Listening on port: 3000","timestamp":"2021-04-11T21:41:22.182Z"}
{"level":"info","message":"Connected to mongodb://localhost/learnerAid_tests","timestamp":"2021-04-11T21:41:22.320Z"}
{"level":"info","message":"Listening on port: 3000","timestamp":"2021-04-11T21:41:23.505Z"}
{"level":"info","message":"Connected to mongodb://localhost/learnerAid_tests","timestamp":"2021-04-11T21:41:23.661Z"}
{"level":"info","message":"Listening on port: 3000","timestamp":"2021-04-11T21:41:37.660Z"}
{"level":"info","message":"Connected to mongodb://localhost/learnerAid_tests","timestamp":"2021-04-11T21:41:37.763Z"}
{"level":"info","message":"Listening on port: 3000","timestamp":"2021-04-11T21:41:38.632Z"}
{"level":"info","message":"Connected to mongodb://localhost/learnerAid_tests","timestamp":"2021-04-11T21:41:38.737Z"}
{"level":"info","message":"Listening on port: 3000","timestamp":"2021-04-11T21:42:24.782Z"}
{"level":"info","message":"Connected to mongodb://localhost/learnerAid_tests","timestamp":"2021-04-11T21:42:24.897Z"}
{"level":"info","message":"Listening on port: 3000","timestamp":"2021-04-11T21:42:25.993Z"}
{"level":"info","message":"Connected to mongodb://localhost/learnerAid_tests","timestamp":"2021-04-11T21:42:26.114Z"}
{"level":"info","message":"Listening on port: 3000","timestamp":"2021-04-11T21:43:36.296Z"}
{"level":"info","message":"Connected to mongodb://localhost/learnerAid_tests","timestamp":"2021-04-11T21:43:36.474Z"}
{"level":"info","message":"Listening on port: 3000","timestamp":"2021-04-11T21:43:37.446Z"}
{"level":"info","message":"Connected to mongodb://localhost/learnerAid_tests","timestamp":"2021-04-11T21:43:37.583Z"}
{"level":"info","message":"Listening on port: 3000","timestamp":"2021-04-11T21:44:30.120Z"}
{"level":"info","message":"Connected to mongodb://localhost/learnerAid_tests","timestamp":"2021-04-11T21:44:30.241Z"}
{"level":"info","message":"Listening on port: 3000","timestamp":"2021-04-11T21:44:31.490Z"}
{"level":"info","message":"Connected to mongodb://localhost/learnerAid_tests","timestamp":"2021-04-11T21:44:31.622Z"}
{"level":"info","message":"Listening on port: 3000","timestamp":"2021-04-11T22:23:51.154Z"}
{"level":"info","message":"Connected to mongodb://localhost/learnerAid_tests","timestamp":"2021-04-11T22:23:51.225Z"}
{"level":"info","message":"Listening on port: 3000","timestamp":"2021-04-11T22:23:51.872Z"}
{"level":"info","message":"Connected to mongodb://localhost/learnerAid_tests","timestamp":"2021-04-11T22:23:51.960Z"}
{"level":"info","message":"Listening on port: 3000","timestamp":"2021-04-11T22:24:04.750Z"}
{"level":"info","message":"Connected to mongodb://localhost/learnerAid_tests","timestamp":"2021-04-11T22:24:04.833Z"}
{"level":"info","message":"Listening on port: 3000","timestamp":"2021-04-11T22:24:05.511Z"}
{"level":"info","message":"Connected to mongodb://localhost/learnerAid_tests","timestamp":"2021-04-11T22:24:05.579Z"}
{"level":"info","message":"Listening on port: 3000","timestamp":"2021-04-11T22:24:21.815Z"}
{"level":"info","message":"Connected to mongodb://localhost/learnerAid_tests","timestamp":"2021-04-11T22:24:21.870Z"}
{"level":"info","message":"Listening on port: 3000","timestamp":"2021-04-11T22:24:22.381Z"}
{"level":"info","message":"Connected to mongodb://localhost/learnerAid_tests","timestamp":"2021-04-11T22:24:22.448Z"}
{"level":"info","message":"Listening on port: 3000","timestamp":"2021-04-11T22:26:01.635Z"}
{"level":"info","message":"Connected to mongodb://localhost/learnerAid_tests","timestamp":"2021-04-11T22:26:01.710Z"}
{"level":"info","message":"Listening on port: 3000","timestamp":"2021-04-11T22:26:02.298Z"}
{"level":"info","message":"Connected to mongodb://localhost/learnerAid_tests","timestamp":"2021-04-11T22:26:02.375Z"}
{"level":"info","message":"Listening on port: 3000","timestamp":"2021-04-11T22:27:22.850Z"}
{"level":"info","message":"Connected to mongodb://localhost/learnerAid_tests","timestamp":"2021-04-11T22:27:22.938Z"}
{"level":"info","message":"Connected to mongodb://localhost/learnerAid_tests","timestamp":"2021-04-11T22:27:22.996Z"}
{"level":"info","message":"Listening on port: 3000","timestamp":"2021-04-11T22:27:23.017Z"}
{"level":"info","message":"Listening on port: 3000","timestamp":"2021-04-11T22:28:48.602Z"}
{"level":"info","message":"Connected to mongodb://localhost/learnerAid_tests","timestamp":"2021-04-11T22:28:48.694Z"}
{"level":"info","message":"Listening on port: 3000","timestamp":"2021-04-11T22:28:49.308Z"}
{"level":"info","message":"Connected to mongodb://localhost/learnerAid_tests","timestamp":"2021-04-11T22:28:49.385Z"}
{"level":"info","message":"Listening on port: 3000","timestamp":"2021-04-11T22:29:52.392Z"}
{"level":"info","message":"Connected to mongodb://localhost/learnerAid_tests","timestamp":"2021-04-11T22:29:52.469Z"}
{"level":"info","message":"Listening on port: 3000","timestamp":"2021-04-11T22:29:52.961Z"}
{"level":"info","message":"Connected to mongodb://localhost/learnerAid_tests","timestamp":"2021-04-11T22:29:53.031Z"}
{"level":"info","message":"Listening on port: 3000","timestamp":"2021-04-11T23:27:40.162Z"}
{"level":"info","message":"Connected to mongodb://localhost/learnerAid_tests","timestamp":"2021-04-11T23:27:40.256Z"}
{"level":"info","message":"Connected to mongodb://localhost/learnerAid_tests","timestamp":"2021-04-11T23:27:40.305Z"}
{"level":"info","message":"Listening on port: 3000","timestamp":"2021-04-11T23:27:40.335Z"}
{"level":"info","message":"Listening on port: 3000","timestamp":"2021-04-11T23:28:46.256Z"}
{"level":"info","message":"Connected to mongodb://localhost/learnerAid_tests","timestamp":"2021-04-11T23:28:46.344Z"}
{"level":"info","message":"Connected to mongodb://localhost/learnerAid_tests","timestamp":"2021-04-11T23:28:46.365Z"}
{"level":"info","message":"Listening on port: 3000","timestamp":"2021-04-11T23:28:46.370Z"}
{"level":"info","message":"Listening on port: 3000","timestamp":"2021-04-11T23:28:58.862Z"}
{"level":"info","message":"Connected to mongodb://localhost/learnerAid_tests","timestamp":"2021-04-11T23:28:58.962Z"}
{"level":"info","message":"Connected to mongodb://localhost/learnerAid_tests","timestamp":"2021-04-11T23:28:59.235Z"}
{"level":"info","message":"Listening on port: 3000","timestamp":"2021-04-11T23:30:25.591Z"}
{"level":"info","message":"Connected to mongodb://localhost/learnerAid_tests","timestamp":"2021-04-11T23:30:25.680Z"}
{"level":"info","message":"Listening on port: 3000","timestamp":"2021-04-11T23:30:25.840Z"}
{"level":"info","message":"Connected to mongodb://localhost/learnerAid_tests","timestamp":"2021-04-11T23:30:25.937Z"}
{"level":"info","message":"Listening on port: 3000","timestamp":"2021-04-11T23:34:50.174Z"}
{"level":"info","message":"Connected to mongodb://localhost/learnerAid_tests","timestamp":"2021-04-11T23:34:50.254Z"}
{"level":"info","message":"Connected to mongodb://localhost/learnerAid_tests","timestamp":"2021-04-11T23:34:50.469Z"}
{"level":"info","message":"Listening on port: 3000","timestamp":"2021-04-11T23:35:54.856Z"}
{"level":"info","message":"Connected to mongodb://localhost/learnerAid_tests","timestamp":"2021-04-11T23:35:54.960Z"}
{"level":"info","message":"Connected to mongodb://localhost/learnerAid_tests","timestamp":"2021-04-11T23:35:55.281Z"}
{"level":"info","message":"Connected to mongodb://localhost/learnerAid","timestamp":"2021-04-11T23:37:36.658Z"}
{"level":"info","message":"Listening on port: 3000","timestamp":"2021-04-11T23:38:14.003Z"}
{"level":"info","message":"Connected to mongodb://localhost/learnerAid","timestamp":"2021-04-11T23:38:14.103Z"}
{"level":"info","message":"Listening on port: 3000","timestamp":"2021-04-11T23:39:01.431Z"}
{"level":"info","message":"Connected to mongodb://localhost/learnerAid_tests","timestamp":"2021-04-11T23:39:01.527Z"}
{"level":"info","message":"Connected to mongodb://localhost/learnerAid_tests","timestamp":"2021-04-11T23:39:01.621Z"}
{"level":"info","message":"Listening on port: 3000","timestamp":"2021-04-11T23:39:01.651Z"}
{"level":"info","message":"Listening on port: 3000","timestamp":"2021-04-12T13:44:35.662Z"}
{"level":"info","message":"Connected to mongodb://localhost/learnerAid_tests","timestamp":"2021-04-12T13:44:35.859Z"}
{"level":"info","message":"Listening on port: 3000","timestamp":"2021-04-12T13:44:37.038Z"}
{"level":"info","message":"Connected to mongodb://localhost/learnerAid_tests","timestamp":"2021-04-12T13:44:37.262Z"}
{"level":"info","message":"Listening on port: 3000","timestamp":"2021-04-12T13:46:34.912Z"}
{"level":"info","message":"Connected to mongodb://localhost/learnerAid_tests","timestamp":"2021-04-12T13:46:35.017Z"}
{"level":"info","message":"Connected to mongodb://localhost/learnerAid_tests","timestamp":"2021-04-12T13:46:35.219Z"}
{"level":"info","message":"Listening on port: 3000","timestamp":"2021-04-12T13:47:49.192Z"}
{"level":"info","message":"Connected to mongodb://localhost/learnerAid_tests","timestamp":"2021-04-12T13:47:49.247Z"}
{"level":"info","message":"Listening on port: 3000","timestamp":"2021-04-12T13:47:49.421Z"}
{"level":"info","message":"Connected to mongodb://localhost/learnerAid_tests","timestamp":"2021-04-12T13:47:49.468Z"}
{"level":"info","message":"Listening on port: 3000","timestamp":"2021-04-12T13:55:05.339Z"}
{"level":"info","message":"Connected to mongodb://localhost/learnerAid_tests","timestamp":"2021-04-12T13:55:05.451Z"}
{"level":"info","message":"Listening on port: 3000","timestamp":"2021-04-12T13:55:06.235Z"}
{"level":"info","message":"Connected to mongodb://localhost/learnerAid_tests","timestamp":"2021-04-12T13:55:06.334Z"}
{"level":"info","message":"Listening on port: 3000","timestamp":"2021-04-12T14:29:47.481Z"}
{"level":"info","message":"Connected to mongodb://localhost/learnerAid_tests","timestamp":"2021-04-12T14:29:47.630Z"}
{"level":"info","message":"Connected to mongodb://localhost/learnerAid_tests","timestamp":"2021-04-12T14:29:47.692Z"}
{"level":"info","message":"Listening on port: 3000","timestamp":"2021-04-12T14:29:47.723Z"}
{"level":"info","message":"Listening on port: 3000","timestamp":"2021-04-12T14:30:13.402Z"}
{"level":"info","message":"Connected to mongodb://localhost/learnerAid_tests","timestamp":"2021-04-12T14:30:13.507Z"}
{"level":"info","message":"Connected to mongodb://localhost/learnerAid_tests","timestamp":"2021-04-12T14:30:13.674Z"}
{"level":"info","message":"Listening on port: 3000","timestamp":"2021-04-12T14:30:13.707Z"}
{"level":"info","message":"Listening on port: 3000","timestamp":"2021-04-13T23:22:49.020Z"}
{"level":"info","message":"Connected to mongodb://localhost/learnerAid_tests","timestamp":"2021-04-13T23:22:49.110Z"}
{"level":"info","message":"Connected to mongodb://localhost/learnerAid_tests","timestamp":"2021-04-13T23:22:49.238Z"}
{"level":"info","message":"Listening on port: 3000","timestamp":"2021-04-13T23:22:49.277Z"}
{"level":"info","message":"Listening on port: 3000","timestamp":"2021-04-13T23:30:32.215Z"}
{"level":"info","message":"Connected to mongodb://localhost/learnerAid_tests","timestamp":"2021-04-13T23:30:32.314Z"}
{"level":"info","message":"Listening on port: 3000","timestamp":"2021-04-13T23:30:33.161Z"}
{"level":"info","message":"Connected to mongodb://localhost/learnerAid_tests","timestamp":"2021-04-13T23:30:33.273Z"}
{"level":"info","message":"Listening on port: 3000","timestamp":"2021-04-13T23:32:23.997Z"}
{"level":"info","message":"Connected to mongodb://localhost/learnerAid_tests","timestamp":"2021-04-13T23:32:24.168Z"}
{"level":"info","message":"Listening on port: 3000","timestamp":"2021-04-13T23:32:25.012Z"}
{"level":"info","message":"Connected to mongodb://localhost/learnerAid_tests","timestamp":"2021-04-13T23:32:25.128Z"}
{"level":"info","message":"Listening on port: 3000","timestamp":"2021-04-13T23:34:19.189Z"}
{"level":"info","message":"Connected to mongodb://localhost/learnerAid_tests","timestamp":"2021-04-13T23:34:19.296Z"}
{"level":"info","message":"Listening on port: 3000","timestamp":"2021-04-13T23:34:20.136Z"}
{"level":"info","message":"Connected to mongodb://localhost/learnerAid_tests","timestamp":"2021-04-13T23:34:20.245Z"}
{"level":"info","message":"Listening on port: 3000","timestamp":"2021-04-13T23:34:51.804Z"}
{"level":"info","message":"Connected to mongodb://localhost/learnerAid_tests","timestamp":"2021-04-13T23:34:51.940Z"}
{"level":"info","message":"Listening on port: 3000","timestamp":"2021-04-13T23:34:52.741Z"}
{"level":"info","message":"Connected to mongodb://localhost/learnerAid_tests","timestamp":"2021-04-13T23:34:52.856Z"}
{"level":"info","message":"Listening on port: 3000","timestamp":"2021-04-13T23:35:11.250Z"}
{"level":"info","message":"Connected to mongodb://localhost/learnerAid_tests","timestamp":"2021-04-13T23:35:11.353Z"}
{"level":"info","message":"Listening on port: 3000","timestamp":"2021-04-13T23:35:12.163Z"}
{"level":"info","message":"Connected to mongodb://localhost/learnerAid_tests","timestamp":"2021-04-13T23:35:12.281Z"}
{"level":"info","message":"Listening on port: 3000","timestamp":"2021-04-13T23:35:39.098Z"}
{"level":"info","message":"Connected to mongodb://localhost/learnerAid_tests","timestamp":"2021-04-13T23:35:39.193Z"}
{"level":"info","message":"Listening on port: 3000","timestamp":"2021-04-13T23:35:40.228Z"}
{"level":"info","message":"Connected to mongodb://localhost/learnerAid_tests","timestamp":"2021-04-13T23:35:40.322Z"}
{"level":"info","message":"Listening on port: 3000","timestamp":"2021-04-13T23:37:18.964Z"}
{"level":"info","message":"Connected to mongodb://localhost/learnerAid_tests","timestamp":"2021-04-13T23:37:19.083Z"}
{"level":"info","message":"Connected to mongodb://localhost/learnerAid_tests","timestamp":"2021-04-13T23:37:19.114Z"}
{"level":"info","message":"Listening on port: 3000","timestamp":"2021-04-13T23:37:19.142Z"}
{"level":"info","message":"Listening on port: 3000","timestamp":"2021-04-13T23:39:12.785Z"}
{"level":"info","message":"Connected to mongodb://localhost/learnerAid_tests","timestamp":"2021-04-13T23:39:12.880Z"}
{"level":"info","message":"Listening on port: 3000","timestamp":"2021-04-13T23:39:13.848Z"}
{"level":"info","message":"Connected to mongodb://localhost/learnerAid_tests","timestamp":"2021-04-13T23:39:13.957Z"}
{"level":"info","message":"Listening on port: 3000","timestamp":"2021-04-13T23:40:35.196Z"}
{"level":"info","message":"Connected to mongodb://localhost/learnerAid_tests","timestamp":"2021-04-13T23:40:35.290Z"}
{"level":"info","message":"Listening on port: 3000","timestamp":"2021-04-13T23:40:36.192Z"}
{"level":"info","message":"Connected to mongodb://localhost/learnerAid_tests","timestamp":"2021-04-13T23:40:36.318Z"}
{"level":"info","message":"Listening on port: 3000","timestamp":"2021-04-13T23:41:49.655Z"}
{"level":"info","message":"Connected to mongodb://localhost/learnerAid_tests","timestamp":"2021-04-13T23:41:49.764Z"}
{"level":"info","message":"Listening on port: 3000","timestamp":"2021-04-13T23:41:50.933Z"}
{"level":"info","message":"Connected to mongodb://localhost/learnerAid_tests","timestamp":"2021-04-13T23:41:51.046Z"}
{"level":"info","message":"Listening on port: 3000","timestamp":"2021-04-13T23:43:03.804Z"}
{"level":"info","message":"Connected to mongodb://localhost/learnerAid_tests","timestamp":"2021-04-13T23:43:03.917Z"}
{"level":"info","message":"Connected to mongodb://localhost/learnerAid_tests","timestamp":"2021-04-13T23:43:04.061Z"}
{"level":"info","message":"Listening on port: 3000","timestamp":"2021-04-13T23:43:04.104Z"}
{"level":"info","message":"Listening on port: 3000","timestamp":"2021-04-13T23:43:57.441Z"}
{"level":"info","message":"Connected to mongodb://localhost/learnerAid_tests","timestamp":"2021-04-13T23:43:57.554Z"}
{"level":"info","message":"Connected to mongodb://localhost/learnerAid_tests","timestamp":"2021-04-13T23:43:57.588Z"}
{"level":"info","message":"Listening on port: 3000","timestamp":"2021-04-13T23:43:57.618Z"}
{"level":"info","message":"Listening on port: 3000","timestamp":"2021-04-13T23:45:02.161Z"}
{"level":"info","message":"Connected to mongodb://localhost/learnerAid_tests","timestamp":"2021-04-13T23:45:02.283Z"}
{"level":"info","message":"Listening on port: 3000","timestamp":"2021-04-13T23:45:02.912Z"}
{"level":"info","message":"Connected to mongodb://localhost/learnerAid_tests","timestamp":"2021-04-13T23:45:03.028Z"}
{"level":"info","message":"Listening on port: 3000","timestamp":"2021-04-13T23:45:32.413Z"}
{"level":"info","message":"Connected to mongodb://localhost/learnerAid_tests","timestamp":"2021-04-13T23:45:32.534Z"}
{"level":"info","message":"Connected to mongodb://localhost/learnerAid_tests","timestamp":"2021-04-13T23:45:32.545Z"}
{"level":"info","message":"Listening on port: 3000","timestamp":"2021-04-13T23:45:32.579Z"}
{"level":"info","message":"Listening on port: 3000","timestamp":"2021-04-13T23:49:50.542Z"}
{"level":"info","message":"Connected to mongodb://localhost/learnerAid_tests","timestamp":"2021-04-13T23:49:50.644Z"}
{"level":"info","message":"Listening on port: 3000","timestamp":"2021-04-13T23:49:51.684Z"}
{"level":"info","message":"Connected to mongodb://localhost/learnerAid_tests","timestamp":"2021-04-13T23:49:51.822Z"}
{"level":"info","message":"Listening on port: 3000","timestamp":"2021-04-13T23:50:36.956Z"}
{"level":"info","message":"Connected to mongodb://localhost/learnerAid_tests","timestamp":"2021-04-13T23:50:37.052Z"}
{"level":"info","message":"Listening on port: 3000","timestamp":"2021-04-13T23:50:37.987Z"}
{"level":"info","message":"Connected to mongodb://localhost/learnerAid_tests","timestamp":"2021-04-13T23:50:38.107Z"}
{"level":"info","message":"Listening on port: 3000","timestamp":"2021-04-13T23:51:32.453Z"}
{"level":"info","message":"Connected to mongodb://localhost/learnerAid_tests","timestamp":"2021-04-13T23:51:32.559Z"}
{"level":"info","message":"Connected to mongodb://localhost/learnerAid_tests","timestamp":"2021-04-13T23:51:32.674Z"}
{"level":"info","message":"Listening on port: 3000","timestamp":"2021-04-13T23:51:32.727Z"}
{"level":"info","message":"Listening on port: 3000","timestamp":"2021-04-13T23:51:59.771Z"}
{"level":"info","message":"Connected to mongodb://localhost/learnerAid_tests","timestamp":"2021-04-13T23:51:59.851Z"}
{"level":"info","message":"Connected to mongodb://localhost/learnerAid_tests","timestamp":"2021-04-13T23:52:00.076Z"}
{"level":"info","message":"Listening on port: 3000","timestamp":"2021-04-13T23:52:00.131Z"}
{"level":"info","message":"Listening on port: 3000","timestamp":"2021-04-13T23:52:31.442Z"}
{"level":"info","message":"Connected to mongodb://localhost/learnerAid_tests","timestamp":"2021-04-13T23:52:31.555Z"}
{"level":"info","message":"Connected to mongodb://localhost/learnerAid_tests","timestamp":"2021-04-13T23:52:31.704Z"}
{"level":"info","message":"Listening on port: 3000","timestamp":"2021-04-13T23:52:31.749Z"}
{"level":"info","message":"Listening on port: 3000","timestamp":"2021-04-13T23:53:05.919Z"}
{"level":"info","message":"Connected to mongodb://localhost/learnerAid_tests","timestamp":"2021-04-13T23:53:06.014Z"}
{"level":"info","message":"Connected to mongodb://localhost/learnerAid_tests","timestamp":"2021-04-13T23:53:06.124Z"}
{"level":"info","message":"Listening on port: 3000","timestamp":"2021-04-13T23:53:06.172Z"}
{"level":"info","message":"Listening on port: 3000","timestamp":"2021-04-13T23:57:08.601Z"}
{"level":"info","message":"Connected to mongodb://localhost/learnerAid_tests","timestamp":"2021-04-13T23:57:08.682Z"}
{"level":"info","message":"Listening on port: 3000","timestamp":"2021-04-13T23:57:09.754Z"}
{"level":"info","message":"Connected to mongodb://localhost/learnerAid_tests","timestamp":"2021-04-13T23:57:09.863Z"}
{"level":"info","message":"Listening on port: 3000","timestamp":"2021-04-13T23:57:34.313Z"}
{"level":"info","message":"Connected to mongodb://localhost/learnerAid_tests","timestamp":"2021-04-13T23:57:34.407Z"}
{"level":"info","message":"Listening on port: 3000","timestamp":"2021-04-13T23:57:35.283Z"}
{"level":"info","message":"Connected to mongodb://localhost/learnerAid_tests","timestamp":"2021-04-13T23:57:35.373Z"}
{"level":"info","message":"Listening on port: 3000","timestamp":"2021-04-13T23:58:12.209Z"}
{"level":"info","message":"Connected to mongodb://localhost/learnerAid_tests","timestamp":"2021-04-13T23:58:12.315Z"}
{"level":"info","message":"Listening on port: 3000","timestamp":"2021-04-13T23:58:13.318Z"}
{"level":"info","message":"Connected to mongodb://localhost/learnerAid_tests","timestamp":"2021-04-13T23:58:13.420Z"}
{"level":"info","message":"Listening on port: 3000","timestamp":"2021-04-13T23:58:38.184Z"}
{"level":"info","message":"Connected to mongodb://localhost/learnerAid_tests","timestamp":"2021-04-13T23:58:38.286Z"}
{"level":"info","message":"Listening on port: 3000","timestamp":"2021-04-13T23:58:39.186Z"}
{"level":"info","message":"Connected to mongodb://localhost/learnerAid_tests","timestamp":"2021-04-13T23:58:39.282Z"}
{"level":"info","message":"Listening on port: 3000","timestamp":"2021-04-13T23:59:24.282Z"}
{"level":"info","message":"Connected to mongodb://localhost/learnerAid_tests","timestamp":"2021-04-13T23:59:24.391Z"}
{"level":"info","message":"Listening on port: 3000","timestamp":"2021-04-13T23:59:25.277Z"}
{"level":"info","message":"Connected to mongodb://localhost/learnerAid_tests","timestamp":"2021-04-13T23:59:25.395Z"}
{"level":"info","message":"Listening on port: 3000","timestamp":"2021-04-13T23:59:52.096Z"}
{"level":"info","message":"Connected to mongodb://localhost/learnerAid_tests","timestamp":"2021-04-13T23:59:52.201Z"}
{"level":"info","message":"Listening on port: 3000","timestamp":"2021-04-13T23:59:53.199Z"}
{"level":"info","message":"Connected to mongodb://localhost/learnerAid_tests","timestamp":"2021-04-13T23:59:53.294Z"}
{"level":"info","message":"Listening on port: 3000","timestamp":"2021-04-14T00:00:24.379Z"}
{"level":"info","message":"Connected to mongodb://localhost/learnerAid_tests","timestamp":"2021-04-14T00:00:24.529Z"}
{"level":"info","message":"Connected to mongodb://localhost/learnerAid_tests","timestamp":"2021-04-14T00:00:24.630Z"}
{"level":"info","message":"Listening on port: 3000","timestamp":"2021-04-14T00:00:24.675Z"}
{"level":"info","message":"Listening on port: 3000","timestamp":"2021-04-14T00:02:10.321Z"}
{"level":"info","message":"Connected to mongodb://localhost/learnerAid_tests","timestamp":"2021-04-14T00:02:10.410Z"}
{"level":"info","message":"Listening on port: 3000","timestamp":"2021-04-14T00:02:11.259Z"}
{"level":"info","message":"Connected to mongodb://localhost/learnerAid_tests","timestamp":"2021-04-14T00:02:11.391Z"}
{"level":"info","message":"Listening on port: 3000","timestamp":"2021-04-14T00:02:35.883Z"}
{"level":"info","message":"Connected to mongodb://localhost/learnerAid_tests","timestamp":"2021-04-14T00:02:35.988Z"}
{"level":"info","message":"Connected to mongodb://localhost/learnerAid_tests","timestamp":"2021-04-14T00:02:36.229Z"}
{"level":"info","message":"Listening on port: 3000","timestamp":"2021-04-14T00:02:36.288Z"}
{"level":"info","message":"Listening on port: 3000","timestamp":"2021-04-15T21:44:44.239Z"}
{"level":"info","message":"Connected to mongodb://localhost/learnerAid_tests","timestamp":"2021-04-15T21:44:44.337Z"}
{"level":"info","message":"Connected to mongodb://localhost/learnerAid_tests","timestamp":"2021-04-15T21:44:44.327Z"}
{"level":"info","message":"Listening on port: 3000","timestamp":"2021-04-15T21:44:44.349Z"}
{"level":"info","message":"Listening on port: 3000","timestamp":"2021-04-15T21:45:16.243Z"}
{"level":"info","message":"Connected to mongodb://localhost/learnerAid_tests","timestamp":"2021-04-15T21:45:16.326Z"}
{"level":"info","message":"Connected to mongodb://localhost/learnerAid_tests","timestamp":"2021-04-15T21:45:16.588Z"}
{"level":"info","message":"Listening on port: 3000","timestamp":"2021-04-15T21:45:16.623Z"}
{"level":"info","message":"Listening on port: 3000","timestamp":"2021-04-15T21:46:13.438Z"}
{"level":"info","message":"Connected to mongodb://localhost/learnerAid_tests","timestamp":"2021-04-15T21:46:13.532Z"}
{"level":"info","message":"Connected to mongodb://localhost/learnerAid_tests","timestamp":"2021-04-15T21:46:13.680Z"}
{"level":"info","message":"Listening on port: 3000","timestamp":"2021-04-15T21:46:13.722Z"}
{"level":"info","message":"Listening on port: 3000","timestamp":"2021-04-15T21:46:33.748Z"}
{"level":"info","message":"Connected to mongodb://localhost/learnerAid_tests","timestamp":"2021-04-15T21:46:33.835Z"}
{"level":"info","message":"Connected to mongodb://localhost/learnerAid_tests","timestamp":"2021-04-15T21:46:33.967Z"}
{"level":"info","message":"Listening on port: 3000","timestamp":"2021-04-15T21:46:34.012Z"}
{"level":"info","message":"Listening on port: 3000","timestamp":"2021-04-15T21:47:17.933Z"}
{"level":"info","message":"Connected to mongodb://localhost/learnerAid_tests","timestamp":"2021-04-15T21:47:17.978Z"}
{"level":"info","message":"Connected to mongodb://localhost/learnerAid_tests","timestamp":"2021-04-15T21:47:18.071Z"}
{"level":"info","message":"Listening on port: 3000","timestamp":"2021-04-15T21:47:18.094Z"}
{"level":"info","message":"Listening on port: 3000","timestamp":"2021-04-15T21:47:30.188Z"}
{"level":"info","message":"Connected to mongodb://localhost/learnerAid_tests","timestamp":"2021-04-15T21:47:30.248Z"}
{"level":"info","message":"Connected to mongodb://localhost/learnerAid_tests","timestamp":"2021-04-15T21:47:30.366Z"}
{"level":"info","message":"Listening on port: 3000","timestamp":"2021-04-15T21:47:30.394Z"}
{"level":"info","message":"Listening on port: 3000","timestamp":"2021-04-15T23:53:50.786Z"}
{"level":"info","message":"Connected to mongodb://localhost/learnerAid_tests","timestamp":"2021-04-15T23:53:50.870Z"}
{"level":"info","message":"Connected to mongodb://localhost/learnerAid_tests","timestamp":"2021-04-15T23:53:50.967Z"}
{"level":"info","message":"Listening on port: 3000","timestamp":"2021-04-15T23:53:51.013Z"}
{"level":"info","message":"Listening on port: 3000","timestamp":"2021-04-15T23:57:18.577Z"}
{"level":"info","message":"Connected to mongodb://localhost/learnerAid","timestamp":"2021-04-15T23:57:18.653Z"}
{"level":"info","message":"Listening on port: 3000","timestamp":"2021-04-15T23:57:36.977Z"}
{"level":"info","message":"Connected to mongodb://localhost/learnerAid_tests","timestamp":"2021-04-15T23:57:37.062Z"}
{"level":"info","message":"Connected to mongodb://localhost/learnerAid_tests","timestamp":"2021-04-15T23:57:37.192Z"}
{"level":"info","message":"Listening on port: 3000","timestamp":"2021-04-15T23:57:37.235Z"}
{"level":"info","message":"Listening on port: 3000","timestamp":"2021-04-15T23:59:40.578Z"}
{"level":"info","message":"Connected to mongodb://localhost/learnerAid_tests","timestamp":"2021-04-15T23:59:40.664Z"}
{"level":"info","message":"Connected to mongodb://localhost/learnerAid_tests","timestamp":"2021-04-15T23:59:40.996Z"}
{"level":"info","message":"Listening on port: 3000","timestamp":"2021-04-15T23:59:41.039Z"}
{"level":"info","message":"Listening on port: 3000","timestamp":"2021-04-16T00:00:46.445Z"}
{"level":"info","message":"Connected to mongodb://localhost/learnerAid_tests","timestamp":"2021-04-16T00:00:46.548Z"}
{"level":"info","message":"Connected to mongodb://localhost/learnerAid_tests","timestamp":"2021-04-16T00:00:46.639Z"}
{"level":"info","message":"Listening on port: 3000","timestamp":"2021-04-16T00:01:26.703Z"}
{"level":"info","message":"Connected to mongodb://localhost/learnerAid_tests","timestamp":"2021-04-16T00:01:26.784Z"}
{"level":"info","message":"Connected to mongodb://localhost/learnerAid_tests","timestamp":"2021-04-16T00:01:26.946Z"}
{"level":"info","message":"Listening on port: 3000","timestamp":"2021-04-16T00:01:26.994Z"}
{"level":"info","message":"Listening on port: 3000","timestamp":"2021-04-16T00:03:53.872Z"}
{"level":"info","message":"Connected to mongodb://localhost/learnerAid_tests","timestamp":"2021-04-16T00:03:53.960Z"}
{"level":"info","message":"Connected to mongodb://localhost/learnerAid_tests","timestamp":"2021-04-16T00:03:54.163Z"}
{"level":"info","message":"Listening on port: 3000","timestamp":"2021-04-16T00:03:54.210Z"}
{"level":"info","message":"Listening on port: 3000","timestamp":"2021-04-16T00:04:16.860Z"}
{"level":"info","message":"Connected to mongodb://localhost/learnerAid_tests","timestamp":"2021-04-16T00:04:16.975Z"}
{"level":"info","message":"Connected to mongodb://localhost/learnerAid_tests","timestamp":"2021-04-16T00:04:17.052Z"}
{"level":"info","message":"Listening on port: 3000","timestamp":"2021-04-16T00:04:17.081Z"}
{"level":"info","message":"Listening on port: 3000","timestamp":"2021-04-16T00:07:51.648Z"}
{"level":"info","message":"Connected to mongodb://localhost/learnerAid_tests","timestamp":"2021-04-16T00:07:51.749Z"}
{"level":"info","message":"Connected to mongodb://localhost/learnerAid_tests","timestamp":"2021-04-16T00:07:51.956Z"}
{"level":"info","message":"Listening on port: 3000","timestamp":"2021-04-16T00:07:52.001Z"}
{"level":"info","message":"Listening on port: 3000","timestamp":"2021-04-16T00:08:23.812Z"}
{"level":"info","message":"Connected to mongodb://localhost/learnerAid_tests","timestamp":"2021-04-16T00:08:23.921Z"}
{"level":"info","message":"Connected to mongodb://localhost/learnerAid_tests","timestamp":"2021-04-16T00:08:23.916Z"}
{"level":"info","message":"Listening on port: 3000","timestamp":"2021-04-16T00:08:23.945Z"}
{"level":"info","message":"Listening on port: 3000","timestamp":"2021-04-16T00:09:49.767Z"}
{"level":"info","message":"Connected to mongodb://localhost/learnerAid_tests","timestamp":"2021-04-16T00:09:49.887Z"}
{"level":"info","message":"Connected to mongodb://localhost/learnerAid_tests","timestamp":"2021-04-16T00:09:49.891Z"}
{"level":"info","message":"Listening on port: 3000","timestamp":"2021-04-16T00:09:49.946Z"}
{"level":"info","message":"Listening on port: 3000","timestamp":"2021-04-16T00:10:07.311Z"}
{"level":"info","message":"Connected to mongodb://localhost/learnerAid_tests","timestamp":"2021-04-16T00:10:07.408Z"}
{"level":"info","message":"Connected to mongodb://localhost/learnerAid_tests","timestamp":"2021-04-16T00:10:07.507Z"}
{"level":"info","message":"Listening on port: 3000","timestamp":"2021-04-16T00:10:07.535Z"}
{"level":"info","message":"Listening on port: 3000","timestamp":"2021-04-16T00:12:20.243Z"}
{"level":"info","message":"Connected to mongodb://localhost/learnerAid_tests","timestamp":"2021-04-16T00:12:20.347Z"}
{"level":"info","message":"Listening on port: 3000","timestamp":"2021-04-16T00:12:35.146Z"}
{"level":"info","message":"Connected to mongodb://localhost/learnerAid_tests","timestamp":"2021-04-16T00:12:35.336Z"}
{"level":"info","message":"Connected to mongodb://localhost/learnerAid_tests","timestamp":"2021-04-16T00:12:35.639Z"}
{"level":"info","message":"Listening on port: 3000","timestamp":"2021-04-16T00:13:03.589Z"}
{"level":"info","message":"Connected to mongodb://localhost/learnerAid_tests","timestamp":"2021-04-16T00:13:03.732Z"}
{"level":"info","message":"Connected to mongodb://localhost/learnerAid_tests","timestamp":"2021-04-16T00:13:03.726Z"}
{"level":"info","message":"Listening on port: 3000","timestamp":"2021-04-16T00:13:03.756Z"}
{"level":"info","message":"Listening on port: 3000","timestamp":"2021-04-16T00:13:18.414Z"}
{"level":"info","message":"Connected to mongodb://localhost/learnerAid_tests","timestamp":"2021-04-16T00:13:18.530Z"}
{"level":"info","message":"Connected to mongodb://localhost/learnerAid_tests","timestamp":"2021-04-16T00:13:18.701Z"}
{"level":"info","message":"Listening on port: 3000","timestamp":"2021-04-16T00:13:18.750Z"}
{"level":"info","message":"Listening on port: 3000","timestamp":"2021-04-16T10:18:46.213Z"}
{"level":"info","message":"Connected to mongodb://localhost/learnerAid_tests","timestamp":"2021-04-16T10:18:46.307Z"}
{"level":"info","message":"Listening on port: 3000","timestamp":"2021-04-16T10:18:47.045Z"}
{"level":"info","message":"Connected to mongodb://localhost/learnerAid_tests","timestamp":"2021-04-16T10:18:47.184Z"}
{"level":"info","message":"Listening on port: 3000","timestamp":"2021-04-16T10:21:51.374Z"}
{"level":"info","message":"Connected to mongodb://localhost/learnerAid_tests","timestamp":"2021-04-16T10:21:51.402Z"}
{"level":"info","message":"Connected to mongodb://localhost/learnerAid_tests","timestamp":"2021-04-16T10:21:51.496Z"}
{"level":"info","message":"Listening on port: 3000","timestamp":"2021-04-16T10:23:25.525Z"}
{"level":"info","message":"Connected to mongodb://localhost/learnerAid_tests","timestamp":"2021-04-16T10:23:25.638Z"}
{"level":"info","message":"Connected to mongodb://localhost/learnerAid_tests","timestamp":"2021-04-16T10:23:26.809Z"}
{"level":"info","message":"Listening on port: 3000","timestamp":"2021-04-16T10:24:02.646Z"}
{"level":"info","message":"Connected to mongodb://localhost/learnerAid_tests","timestamp":"2021-04-16T10:24:02.755Z"}
{"level":"info","message":"Connected to mongodb://localhost/learnerAid_tests","timestamp":"2021-04-16T10:24:04.031Z"}
{"level":"info","message":"Listening on port: 3000","timestamp":"2021-04-16T10:24:18.491Z"}
{"level":"info","message":"Connected to mongodb://localhost/learnerAid_tests","timestamp":"2021-04-16T10:24:18.593Z"}
{"level":"info","message":"Connected to mongodb://localhost/learnerAid_tests","timestamp":"2021-04-16T10:24:19.934Z"}
{"level":"info","message":"Listening on port: 3000","timestamp":"2021-04-16T10:25:20.471Z"}
{"level":"info","message":"Connected to mongodb://localhost/learnerAid_tests","timestamp":"2021-04-16T10:25:20.606Z"}
{"level":"info","message":"Listening on port: 3000","timestamp":"2021-04-16T10:25:43.944Z"}
{"level":"info","message":"Connected to mongodb://localhost/learnerAid_tests","timestamp":"2021-04-16T10:25:44.066Z"}
{"level":"info","message":"Connected to mongodb://localhost/learnerAid_tests","timestamp":"2021-04-16T10:25:44.862Z"}
{"level":"info","message":"Listening on port: 3000","timestamp":"2021-04-16T10:29:14.008Z"}
{"level":"info","message":"Connected to mongodb://localhost/learnerAid_tests","timestamp":"2021-04-16T10:29:14.100Z"}
{"level":"info","message":"Connected to mongodb://localhost/learnerAid_tests","timestamp":"2021-04-16T10:29:14.349Z"}
{"level":"info","message":"Listening on port: 3000","timestamp":"2021-04-16T10:30:08.573Z"}
{"level":"info","message":"Connected to mongodb://localhost/learnerAid_tests","timestamp":"2021-04-16T10:30:08.690Z"}
{"level":"info","message":"Connected to mongodb://localhost/learnerAid_tests","timestamp":"2021-04-16T10:30:08.925Z"}
{"level":"info","message":"Listening on port: 3000","timestamp":"2021-04-16T10:30:30.425Z"}
{"level":"info","message":"Connected to mongodb://localhost/learnerAid_tests","timestamp":"2021-04-16T10:30:30.514Z"}
{"level":"info","message":"Connected to mongodb://localhost/learnerAid_tests","timestamp":"2021-04-16T10:30:30.642Z"}
{"level":"info","message":"Listening on port: 3000","timestamp":"2021-04-16T10:30:30.688Z"}
{"level":"info","message":"Listening on port: 3000","timestamp":"2021-04-16T10:47:40.685Z"}
{"level":"info","message":"Connected to mongodb://localhost/learnerAid_tests","timestamp":"2021-04-16T10:47:40.729Z"}
{"level":"info","message":"Listening on port: 3000","timestamp":"2021-04-16T10:47:41.175Z"}
{"level":"info","message":"Connected to mongodb://localhost/learnerAid_tests","timestamp":"2021-04-16T10:47:41.239Z"}
{"level":"info","message":"Listening on port: 3000","timestamp":"2021-04-16T10:55:13.585Z"}
{"level":"info","message":"Connected to mongodb://localhost/learnerAid_tests","timestamp":"2021-04-16T10:55:13.671Z"}
{"level":"info","message":"Listening on port: 3000","timestamp":"2021-04-16T10:55:14.307Z"}
{"level":"info","message":"Connected to mongodb://localhost/learnerAid_tests","timestamp":"2021-04-16T10:55:14.398Z"}
